<?xml version="1.0" encoding="UTF-8"?>
<!-- Generated by org.testng.reporters.JUnitReportReporter -->
<testsuite hostname="SD08" failures="0" tests="1" name="yunuso.MavenProject01.TitleTestAssertion" time="7.313" errors="0" timestamp="2021-01-11T15:52:03 CST" skipped="0">
  <testcase classname="yunuso.MavenProject01.TitleTestAssertion" name="testCase" time="7.313"/>
  <system-out/>
</testsuite> <!-- yunuso.MavenProject01.TitleTestAssertion -->
