<?xml version="1.0" encoding="UTF-8"?>
<!-- Generated by org.testng.reporters.JUnitReportReporter -->
<testsuite hostname="SD08" failures="0" tests="1" name="yunuso.MavenProject01.TestExecution" time="17.928" errors="0" timestamp="2021-01-11T15:37:47 CST" skipped="0">
  <testcase classname="yunuso.MavenProject01.TestExecution" name="testCase" time="17.928"/>
  <system-out/>
</testsuite> <!-- yunuso.MavenProject01.TestExecution -->
